c:\users\leo\desktop\trabalho gb\trabalho gb\x64\debug\vc143.pdb
c:\users\leo\desktop\trabalho gb\trabalho gb\x64\debug\vc143.idb
c:\users\leo\desktop\trabalho gb\trabalho gb\x64\debug\writingprocess.obj
c:\users\leo\desktop\trabalho gb\trabalho gb\x64\debug\readingprocess.obj
c:\users\leo\desktop\trabalho gb\trabalho gb\x64\debug\processo.obj
c:\users\leo\desktop\trabalho gb\trabalho gb\x64\debug\printingprocess.obj
c:\users\leo\desktop\trabalho gb\trabalho gb\x64\debug\main.obj
c:\users\leo\desktop\trabalho gb\trabalho gb\x64\debug\filaprocessos.obj
c:\users\leo\desktop\trabalho gb\trabalho gb\x64\debug\computingprocess.obj
c:\users\leo\desktop\trabalho gb\x64\debug\trabalho gb.exe
c:\users\leo\desktop\trabalho gb\x64\debug\trabalho gb.pdb
c:\users\leo\desktop\trabalho gb\trabalho gb\x64\debug\trabalho gb.ilk
c:\users\leo\desktop\cpp\cpp\trabalhos\trabalho prático gb\trabalho gb\x64\debug\computingprocess.obj
c:\users\leo\desktop\cpp\cpp\trabalhos\trabalho prático gb\trabalho gb\x64\debug\filaprocessos.obj
c:\users\leo\desktop\cpp\cpp\trabalhos\trabalho prático gb\trabalho gb\x64\debug\main.obj
c:\users\leo\desktop\cpp\cpp\trabalhos\trabalho prático gb\trabalho gb\x64\debug\printingprocess.obj
c:\users\leo\desktop\cpp\cpp\trabalhos\trabalho prático gb\trabalho gb\x64\debug\processo.obj
c:\users\leo\desktop\cpp\cpp\trabalhos\trabalho prático gb\trabalho gb\x64\debug\readingprocess.obj
c:\users\leo\desktop\cpp\cpp\trabalhos\trabalho prático gb\trabalho gb\x64\debug\writingprocess.obj
c:\users\leo\desktop\cpp\cpp\trabalhos\trabalho prático gb\trabalho gb\x64\debug\trabalho gb.ilk
c:\users\leo\desktop\cpp\cpp\trabalhos\trabalho prático gb\trabalho gb\x64\debug\vc143.idb
c:\users\leo\desktop\cpp\cpp\trabalhos\trabalho prático gb\trabalho gb\x64\debug\vc143.pdb
c:\users\leo\desktop\cpp\cpp\trabalhos\trabalho prático gb\x64\debug\trabalho gb.pdb
c:\users\leo\desktop\cpp\cpp\trabalhos\trabalho prático gb\x64\debug\trabalho gb.exe
c:\users\leo\desktop\cpp\cpp\trabalhos\trabalho prático gb\trabalho gb\x64\debug\trabalho gb.tlog\cl.command.1.tlog
c:\users\leo\desktop\cpp\cpp\trabalhos\trabalho prático gb\trabalho gb\x64\debug\trabalho gb.tlog\cl.items.tlog
c:\users\leo\desktop\cpp\cpp\trabalhos\trabalho prático gb\trabalho gb\x64\debug\trabalho gb.tlog\cl.read.1.tlog
c:\users\leo\desktop\cpp\cpp\trabalhos\trabalho prático gb\trabalho gb\x64\debug\trabalho gb.tlog\cl.write.1.tlog
c:\users\leo\desktop\cpp\cpp\trabalhos\trabalho prático gb\trabalho gb\x64\debug\trabalho gb.tlog\link.command.1.tlog
c:\users\leo\desktop\cpp\cpp\trabalhos\trabalho prático gb\trabalho gb\x64\debug\trabalho gb.tlog\link.read.1.tlog
c:\users\leo\desktop\cpp\cpp\trabalhos\trabalho prático gb\trabalho gb\x64\debug\trabalho gb.tlog\link.secondary.1.tlog
c:\users\leo\desktop\cpp\cpp\trabalhos\trabalho prático gb\trabalho gb\x64\debug\trabalho gb.tlog\link.write.1.tlog
